<?xml version="1.0" encoding="UTF-8"?>
<!-- Generated by org.testng.reporters.JUnitXMLReporter -->
<testsuite ignored="0" hostname="DESKTOP-VRD76LS" failures="0" tests="2" name="Default test" time="2.457" errors="0" timestamp="2022-09-27T02:54:02 EDT">
  <testcase classname="API_Automation" name="validates_that_year_is_the_same_in_all_elements_of_the_data_array" time="2.392"/>
  <testcase classname="API_Automation" name="validates_that_each_state_name_is_unique_in_data_array" time="0.022"/>
</testsuite> <!-- Default test -->
