<?xml version="1.0" encoding="UTF-8"?>
<!-- Generated by org.testng.reporters.JUnitXMLReporter -->
<testsuite ignored="0" hostname="DESKTOP-VRD76LS" failures="0" tests="4" name="TestAutomation" time="36.401" errors="0" timestamp="2022-09-27T08:52:14 EDT">
  <testcase classname="WebAutomation" name="validateThatTwoItemsAreAddedToTheCart" time="32.033"/>
  <testcase classname="WebAutomation" name="validateErrorMessage" time="1.336"/>
  <testcase classname="API_Automation" name="validates_that_year_is_the_same_in_all_elements_of_the_data_array" time="2.948"/>
  <testcase classname="API_Automation" name="validates_that_each_state_name_is_unique_in_data_array" time="0.025"/>
</testsuite> <!-- TestAutomation -->
